2018-02-19 09:30:02.567  INFO 5276 --- [main] person.Main                              : Starting Main on DESKTOP-72F8SL2 with PID 5276 (started by pmbie in C:\Users\pmbie\Google Drive\School\2018Spring\COM S 309\SB_5_NextGeneration911\Project_Files\SpringBootApp)
2018-02-19 09:30:02.596  INFO 5276 --- [main] person.Main                              : No active profile set, falling back to default profiles: default
2018-02-19 09:30:02.694  INFO 5276 --- [main] ationConfigEmbeddedWebApplicationContext : Refreshing org.springframework.boot.context.embedded.AnnotationConfigEmbeddedWebApplicationContext@17d919b6: startup date [Mon Feb 19 09:30:02 CST 2018]; root of context hierarchy
2018-02-19 09:30:04.971  INFO 5276 --- [main] trationDelegate$BeanPostProcessorChecker : Bean 'org.springframework.transaction.annotation.ProxyTransactionManagementConfiguration' of type [org.springframework.transaction.annotation.ProxyTransactionManagementConfiguration$$EnhancerBySpringCGLIB$$e33ebcd2] is not eligible for getting processed by all BeanPostProcessors (for example: not eligible for auto-proxying)
2018-02-19 09:30:05.532  INFO 5276 --- [main] s.b.c.e.t.TomcatEmbeddedServletContainer : Tomcat initialized with port(s): 8080 (http)
2018-02-19 09:30:05.553  INFO 5276 --- [main] o.apache.catalina.core.StandardService   : Starting service Tomcat
2018-02-19 09:30:05.554  INFO 5276 --- [main] org.apache.catalina.core.StandardEngine  : Starting Servlet Engine: Apache Tomcat/8.5.11
2018-02-19 09:30:05.686  INFO 5276 --- [localhost-startStop-1] o.a.c.c.C.[Tomcat].[localhost].[/]       : Initializing Spring embedded WebApplicationContext
2018-02-19 09:30:05.693  INFO 5276 --- [localhost-startStop-1] o.s.web.context.ContextLoader            : Root WebApplicationContext: initialization completed in 3010 ms
2018-02-19 09:30:05.899  INFO 5276 --- [localhost-startStop-1] o.s.b.w.servlet.ServletRegistrationBean  : Mapping servlet: 'dispatcherServlet' to [/]
2018-02-19 09:30:05.904  INFO 5276 --- [localhost-startStop-1] o.s.b.w.servlet.FilterRegistrationBean   : Mapping filter: 'characterEncodingFilter' to: [/*]
2018-02-19 09:30:05.904  INFO 5276 --- [localhost-startStop-1] o.s.b.w.servlet.FilterRegistrationBean   : Mapping filter: 'hiddenHttpMethodFilter' to: [/*]
2018-02-19 09:30:05.911  INFO 5276 --- [localhost-startStop-1] o.s.b.w.servlet.FilterRegistrationBean   : Mapping filter: 'httpPutFormContentFilter' to: [/*]
2018-02-19 09:30:05.911  INFO 5276 --- [localhost-startStop-1] o.s.b.w.servlet.FilterRegistrationBean   : Mapping filter: 'requestContextFilter' to: [/*]
2018-02-19 09:30:05.995  WARN 5276 --- [main] ationConfigEmbeddedWebApplicationContext : Exception encountered during context initialization - cancelling refresh attempt: org.springframework.beans.factory.UnsatisfiedDependencyException: Error creating bean with name 'personController': Unsatisfied dependency expressed through field 'personService'; nested exception is org.springframework.beans.factory.UnsatisfiedDependencyException: Error creating bean with name 'personService': Unsatisfied dependency expressed through field 'personRepository'; nested exception is org.springframework.beans.factory.BeanCreationException: Error creating bean with name 'personRepository': Cannot create inner bean '(inner bean)#4d3ca6c7' of type [org.springframework.orm.jpa.SharedEntityManagerCreator] while setting bean property 'entityManager'; nested exception is org.springframework.beans.factory.BeanCreationException: Error creating bean with name '(inner bean)#4d3ca6c7': Cannot resolve reference to bean 'entityManagerFactory' while setting constructor argument; nested exception is org.springframework.beans.factory.NoSuchBeanDefinitionException: No bean named 'entityManagerFactory' available
2018-02-19 09:30:05.998  INFO 5276 --- [main] o.apache.catalina.core.StandardService   : Stopping service Tomcat
2018-02-19 09:30:06.049  INFO 5276 --- [main] utoConfigurationReportLoggingInitializer : 

Error starting ApplicationContext. To display the auto-configuration report re-run your application with 'debug' enabled.
2018-02-19 09:30:06.157 ERROR 5276 --- [main] o.s.b.d.LoggingFailureAnalysisReporter   : 

***************************
APPLICATION FAILED TO START
***************************

Description:

Field personRepository in person.PersonService required a bean named 'entityManagerFactory' that could not be found.


Action:

Consider defining a bean named 'entityManagerFactory' in your configuration.

2018-02-19 09:46:04.008  INFO 7384 --- [main] person.Main                              : Starting Main on DESKTOP-72F8SL2 with PID 7384 (started by pmbie in C:\Users\pmbie\Google Drive\School\2018Spring\COM S 309\SB_5_NextGeneration911\Project_Files\SpringBootApp)
2018-02-19 09:46:04.028  INFO 7384 --- [main] person.Main                              : No active profile set, falling back to default profiles: default
2018-02-19 09:46:04.224  INFO 7384 --- [main] ationConfigEmbeddedWebApplicationContext : Refreshing org.springframework.boot.context.embedded.AnnotationConfigEmbeddedWebApplicationContext@53f3bdbd: startup date [Mon Feb 19 09:46:04 CST 2018]; root of context hierarchy
2018-02-19 09:46:07.364  INFO 7384 --- [main] trationDelegate$BeanPostProcessorChecker : Bean 'org.springframework.transaction.annotation.ProxyTransactionManagementConfiguration' of type [org.springframework.transaction.annotation.ProxyTransactionManagementConfiguration$$EnhancerBySpringCGLIB$$7b095dd9] is not eligible for getting processed by all BeanPostProcessors (for example: not eligible for auto-proxying)
2018-02-19 09:46:07.998  INFO 7384 --- [main] s.b.c.e.t.TomcatEmbeddedServletContainer : Tomcat initialized with port(s): 8080 (http)
2018-02-19 09:46:08.033  INFO 7384 --- [main] o.apache.catalina.core.StandardService   : Starting service Tomcat
2018-02-19 09:46:08.036  INFO 7384 --- [main] org.apache.catalina.core.StandardEngine  : Starting Servlet Engine: Apache Tomcat/8.5.11
2018-02-19 09:46:08.249  INFO 7384 --- [localhost-startStop-1] o.a.c.c.C.[Tomcat].[localhost].[/]       : Initializing Spring embedded WebApplicationContext
2018-02-19 09:46:08.259  INFO 7384 --- [localhost-startStop-1] o.s.web.context.ContextLoader            : Root WebApplicationContext: initialization completed in 4061 ms
2018-02-19 09:46:08.513  INFO 7384 --- [localhost-startStop-1] o.s.b.w.servlet.ServletRegistrationBean  : Mapping servlet: 'dispatcherServlet' to [/]
2018-02-19 09:46:08.520  INFO 7384 --- [localhost-startStop-1] o.s.b.w.servlet.FilterRegistrationBean   : Mapping filter: 'characterEncodingFilter' to: [/*]
2018-02-19 09:46:08.520  INFO 7384 --- [localhost-startStop-1] o.s.b.w.servlet.FilterRegistrationBean   : Mapping filter: 'hiddenHttpMethodFilter' to: [/*]
2018-02-19 09:46:08.528  INFO 7384 --- [localhost-startStop-1] o.s.b.w.servlet.FilterRegistrationBean   : Mapping filter: 'httpPutFormContentFilter' to: [/*]
2018-02-19 09:46:08.528  INFO 7384 --- [localhost-startStop-1] o.s.b.w.servlet.FilterRegistrationBean   : Mapping filter: 'requestContextFilter' to: [/*]
2018-02-19 09:46:08.622  WARN 7384 --- [main] ationConfigEmbeddedWebApplicationContext : Exception encountered during context initialization - cancelling refresh attempt: org.springframework.beans.factory.UnsatisfiedDependencyException: Error creating bean with name 'personController': Unsatisfied dependency expressed through field 'personService'; nested exception is org.springframework.beans.factory.UnsatisfiedDependencyException: Error creating bean with name 'personService': Unsatisfied dependency expressed through field 'personRepository'; nested exception is org.springframework.beans.factory.BeanCreationException: Error creating bean with name 'personRepository': Cannot create inner bean '(inner bean)#22e5f96e' of type [org.springframework.orm.jpa.SharedEntityManagerCreator] while setting bean property 'entityManager'; nested exception is org.springframework.beans.factory.BeanCreationException: Error creating bean with name '(inner bean)#22e5f96e': Cannot resolve reference to bean 'entityManagerFactory' while setting constructor argument; nested exception is org.springframework.beans.factory.NoSuchBeanDefinitionException: No bean named 'entityManagerFactory' available
2018-02-19 09:46:08.627  INFO 7384 --- [main] o.apache.catalina.core.StandardService   : Stopping service Tomcat
2018-02-19 09:46:08.664  INFO 7384 --- [main] utoConfigurationReportLoggingInitializer : 

Error starting ApplicationContext. To display the auto-configuration report re-run your application with 'debug' enabled.
2018-02-19 09:46:08.804 ERROR 7384 --- [main] o.s.b.d.LoggingFailureAnalysisReporter   : 

***************************
APPLICATION FAILED TO START
***************************

Description:

Field personRepository in person.PersonService required a bean named 'entityManagerFactory' that could not be found.


Action:

Consider defining a bean named 'entityManagerFactory' in your configuration.

2018-02-19 11:03:11.566  INFO 11824 --- [main] person.Main                              : Starting Main on DESKTOP-72F8SL2 with PID 11824 (started by pmbie in C:\Users\pmbie\Google Drive\School\2018Spring\COM S 309\SB_5_NextGeneration911\Project_Files\SpringBootApp)
2018-02-19 11:03:11.570  INFO 11824 --- [main] person.Main                              : No active profile set, falling back to default profiles: default
2018-02-19 11:03:11.681  INFO 11824 --- [main] ationConfigEmbeddedWebApplicationContext : Refreshing org.springframework.boot.context.embedded.AnnotationConfigEmbeddedWebApplicationContext@34129c78: startup date [Mon Feb 19 11:03:11 CST 2018]; root of context hierarchy
2018-02-19 11:03:13.851  INFO 11824 --- [main] trationDelegate$BeanPostProcessorChecker : Bean 'org.springframework.transaction.annotation.ProxyTransactionManagementConfiguration' of type [org.springframework.transaction.annotation.ProxyTransactionManagementConfiguration$$EnhancerBySpringCGLIB$$a06ffcd] is not eligible for getting processed by all BeanPostProcessors (for example: not eligible for auto-proxying)
2018-02-19 11:03:14.532  INFO 11824 --- [main] s.b.c.e.t.TomcatEmbeddedServletContainer : Tomcat initialized with port(s): 8080 (http)
2018-02-19 11:03:14.555  INFO 11824 --- [main] o.apache.catalina.core.StandardService   : Starting service Tomcat
2018-02-19 11:03:14.557  INFO 11824 --- [main] org.apache.catalina.core.StandardEngine  : Starting Servlet Engine: Apache Tomcat/8.5.11
2018-02-19 11:03:14.717  INFO 11824 --- [localhost-startStop-1] o.a.c.c.C.[Tomcat].[localhost].[/]       : Initializing Spring embedded WebApplicationContext
2018-02-19 11:03:14.730  INFO 11824 --- [localhost-startStop-1] o.s.web.context.ContextLoader            : Root WebApplicationContext: initialization completed in 3056 ms
2018-02-19 11:03:15.004  INFO 11824 --- [localhost-startStop-1] o.s.b.w.servlet.ServletRegistrationBean  : Mapping servlet: 'dispatcherServlet' to [/]
2018-02-19 11:03:15.010  INFO 11824 --- [localhost-startStop-1] o.s.b.w.servlet.FilterRegistrationBean   : Mapping filter: 'characterEncodingFilter' to: [/*]
2018-02-19 11:03:15.010  INFO 11824 --- [localhost-startStop-1] o.s.b.w.servlet.FilterRegistrationBean   : Mapping filter: 'hiddenHttpMethodFilter' to: [/*]
2018-02-19 11:03:15.011  INFO 11824 --- [localhost-startStop-1] o.s.b.w.servlet.FilterRegistrationBean   : Mapping filter: 'httpPutFormContentFilter' to: [/*]
2018-02-19 11:03:15.012  INFO 11824 --- [localhost-startStop-1] o.s.b.w.servlet.FilterRegistrationBean   : Mapping filter: 'requestContextFilter' to: [/*]
2018-02-19 11:03:15.118  WARN 11824 --- [main] ationConfigEmbeddedWebApplicationContext : Exception encountered during context initialization - cancelling refresh attempt: org.springframework.beans.factory.UnsatisfiedDependencyException: Error creating bean with name 'personController': Unsatisfied dependency expressed through field 'personService'; nested exception is org.springframework.beans.factory.UnsatisfiedDependencyException: Error creating bean with name 'personService': Unsatisfied dependency expressed through field 'personRepository'; nested exception is org.springframework.beans.factory.BeanCreationException: Error creating bean with name 'personRepository': Cannot create inner bean '(inner bean)#6a638c79' of type [org.springframework.orm.jpa.SharedEntityManagerCreator] while setting bean property 'entityManager'; nested exception is org.springframework.beans.factory.BeanCreationException: Error creating bean with name '(inner bean)#6a638c79': Cannot resolve reference to bean 'entityManagerFactory' while setting constructor argument; nested exception is org.springframework.beans.factory.NoSuchBeanDefinitionException: No bean named 'entityManagerFactory' available
2018-02-19 11:03:15.124  INFO 11824 --- [main] o.apache.catalina.core.StandardService   : Stopping service Tomcat
2018-02-19 11:03:15.167  INFO 11824 --- [main] utoConfigurationReportLoggingInitializer : 

Error starting ApplicationContext. To display the auto-configuration report re-run your application with 'debug' enabled.
2018-02-19 11:03:15.329 ERROR 11824 --- [main] o.s.b.d.LoggingFailureAnalysisReporter   : 

***************************
APPLICATION FAILED TO START
***************************

Description:

Field personRepository in person.PersonService required a bean named 'entityManagerFactory' that could not be found.


Action:

Consider defining a bean named 'entityManagerFactory' in your configuration.

2018-02-19 11:05:49.796  INFO 2248 --- [main] person.Main                              : Starting Main on DESKTOP-72F8SL2 with PID 2248 (started by pmbie in C:\Users\pmbie\Google Drive\School\2018Spring\COM S 309\SB_5_NextGeneration911\Project_Files\SpringBootApp)
2018-02-19 11:05:49.803  INFO 2248 --- [main] person.Main                              : No active profile set, falling back to default profiles: default
2018-02-19 11:05:49.915  INFO 2248 --- [main] ationConfigEmbeddedWebApplicationContext : Refreshing org.springframework.boot.context.embedded.AnnotationConfigEmbeddedWebApplicationContext@1fd14d74: startup date [Mon Feb 19 11:05:49 CST 2018]; root of context hierarchy
2018-02-19 11:05:51.766  INFO 2248 --- [main] trationDelegate$BeanPostProcessorChecker : Bean 'org.springframework.transaction.annotation.ProxyTransactionManagementConfiguration' of type [org.springframework.transaction.annotation.ProxyTransactionManagementConfiguration$$EnhancerBySpringCGLIB$$1e5d6dae] is not eligible for getting processed by all BeanPostProcessors (for example: not eligible for auto-proxying)
2018-02-19 11:05:52.564  INFO 2248 --- [main] s.b.c.e.t.TomcatEmbeddedServletContainer : Tomcat initialized with port(s): 8080 (http)
2018-02-19 11:05:52.582  INFO 2248 --- [main] o.apache.catalina.core.StandardService   : Starting service Tomcat
2018-02-19 11:05:52.586  INFO 2248 --- [main] org.apache.catalina.core.StandardEngine  : Starting Servlet Engine: Apache Tomcat/8.5.11
2018-02-19 11:05:52.729  INFO 2248 --- [localhost-startStop-1] o.a.c.c.C.[Tomcat].[localhost].[/]       : Initializing Spring embedded WebApplicationContext
2018-02-19 11:05:52.730  INFO 2248 --- [localhost-startStop-1] o.s.web.context.ContextLoader            : Root WebApplicationContext: initialization completed in 2825 ms
2018-02-19 11:05:53.055  INFO 2248 --- [localhost-startStop-1] o.s.b.w.servlet.ServletRegistrationBean  : Mapping servlet: 'dispatcherServlet' to [/]
2018-02-19 11:05:53.062  INFO 2248 --- [localhost-startStop-1] o.s.b.w.servlet.FilterRegistrationBean   : Mapping filter: 'characterEncodingFilter' to: [/*]
2018-02-19 11:05:53.063  INFO 2248 --- [localhost-startStop-1] o.s.b.w.servlet.FilterRegistrationBean   : Mapping filter: 'hiddenHttpMethodFilter' to: [/*]
2018-02-19 11:05:53.064  INFO 2248 --- [localhost-startStop-1] o.s.b.w.servlet.FilterRegistrationBean   : Mapping filter: 'httpPutFormContentFilter' to: [/*]
2018-02-19 11:05:53.064  INFO 2248 --- [localhost-startStop-1] o.s.b.w.servlet.FilterRegistrationBean   : Mapping filter: 'requestContextFilter' to: [/*]
2018-02-19 11:05:53.156  WARN 2248 --- [main] ationConfigEmbeddedWebApplicationContext : Exception encountered during context initialization - cancelling refresh attempt: org.springframework.beans.factory.UnsatisfiedDependencyException: Error creating bean with name 'personController': Unsatisfied dependency expressed through field 'personService'; nested exception is org.springframework.beans.factory.UnsatisfiedDependencyException: Error creating bean with name 'personService': Unsatisfied dependency expressed through field 'personRepository'; nested exception is org.springframework.beans.factory.BeanCreationException: Error creating bean with name 'personRepository': Cannot create inner bean '(inner bean)#feb98ef' of type [org.springframework.orm.jpa.SharedEntityManagerCreator] while setting bean property 'entityManager'; nested exception is org.springframework.beans.factory.BeanCreationException: Error creating bean with name '(inner bean)#feb98ef': Cannot resolve reference to bean 'entityManagerFactory' while setting constructor argument; nested exception is org.springframework.beans.factory.NoSuchBeanDefinitionException: No bean named 'entityManagerFactory' available
2018-02-19 11:05:53.163  INFO 2248 --- [main] o.apache.catalina.core.StandardService   : Stopping service Tomcat
2018-02-19 11:05:53.192  INFO 2248 --- [main] utoConfigurationReportLoggingInitializer : 

Error starting ApplicationContext. To display the auto-configuration report re-run your application with 'debug' enabled.
2018-02-19 11:05:53.368 ERROR 2248 --- [main] o.s.b.d.LoggingFailureAnalysisReporter   : 

***************************
APPLICATION FAILED TO START
***************************

Description:

Field personRepository in person.PersonService required a bean named 'entityManagerFactory' that could not be found.


Action:

Consider defining a bean named 'entityManagerFactory' in your configuration.

2018-02-19 19:58:23.649  INFO 1481 --- [main] person.Main                              : Starting Main v0.0.1-SNAPSHOT on DESKTOP-72F8SL2 with PID 1481 (/mnt/c/Users/pmbie/Google Drive/School/2018Spring/COM S 309/SB_5_NextGeneration911/Project_Files/SpringBootApp/target/911SpringBoot-0.0.1-SNAPSHOT.jar started by paul in /mnt/c/Users/pmbie/Google Drive/School/2018Spring/COM S 309/SB_5_NextGeneration911/Project_Files/SpringBootApp)
2018-02-19 19:58:23.667  INFO 1481 --- [main] person.Main                              : No active profile set, falling back to default profiles: default
2018-02-19 19:58:23.873  INFO 1481 --- [main] ationConfigEmbeddedWebApplicationContext : Refreshing org.springframework.boot.context.embedded.AnnotationConfigEmbeddedWebApplicationContext@5b37e0d2: startup date [Mon Feb 19 19:58:23 GMT 2018]; root of context hierarchy
2018-02-19 19:58:27.809  INFO 1481 --- [main] trationDelegate$BeanPostProcessorChecker : Bean 'org.springframework.transaction.annotation.ProxyTransactionManagementConfiguration' of type [org.springframework.transaction.annotation.ProxyTransactionManagementConfiguration$$EnhancerBySpringCGLIB$$8f8e0f44] is not eligible for getting processed by all BeanPostProcessors (for example: not eligible for auto-proxying)
2018-02-19 19:58:28.814  INFO 1481 --- [main] s.b.c.e.t.TomcatEmbeddedServletContainer : Tomcat initialized with port(s): 8080 (http)
2018-02-19 19:58:28.863  INFO 1481 --- [main] o.apache.catalina.core.StandardService   : Starting service Tomcat
2018-02-19 19:58:28.869  INFO 1481 --- [main] org.apache.catalina.core.StandardEngine  : Starting Servlet Engine: Apache Tomcat/8.5.11
2018-02-19 19:58:29.608  INFO 1481 --- [localhost-startStop-1] o.a.c.c.C.[Tomcat].[localhost].[/]       : Initializing Spring embedded WebApplicationContext
2018-02-19 19:58:29.623  INFO 1481 --- [localhost-startStop-1] o.s.web.context.ContextLoader            : Root WebApplicationContext: initialization completed in 5755 ms
2018-02-19 19:58:29.927  INFO 1481 --- [localhost-startStop-1] o.s.b.w.servlet.ServletRegistrationBean  : Mapping servlet: 'dispatcherServlet' to [/]
2018-02-19 19:58:29.946  INFO 1481 --- [localhost-startStop-1] o.s.b.w.servlet.FilterRegistrationBean   : Mapping filter: 'characterEncodingFilter' to: [/*]
2018-02-19 19:58:29.949  INFO 1481 --- [localhost-startStop-1] o.s.b.w.servlet.FilterRegistrationBean   : Mapping filter: 'hiddenHttpMethodFilter' to: [/*]
2018-02-19 19:58:29.960  INFO 1481 --- [localhost-startStop-1] o.s.b.w.servlet.FilterRegistrationBean   : Mapping filter: 'httpPutFormContentFilter' to: [/*]
2018-02-19 19:58:29.971  INFO 1481 --- [localhost-startStop-1] o.s.b.w.servlet.FilterRegistrationBean   : Mapping filter: 'requestContextFilter' to: [/*]
2018-02-19 19:58:30.142  WARN 1481 --- [main] ationConfigEmbeddedWebApplicationContext : Exception encountered during context initialization - cancelling refresh attempt: org.springframework.beans.factory.UnsatisfiedDependencyException: Error creating bean with name 'personController': Unsatisfied dependency expressed through field 'personService'; nested exception is org.springframework.beans.factory.UnsatisfiedDependencyException: Error creating bean with name 'personService': Unsatisfied dependency expressed through field 'personRepository'; nested exception is org.springframework.beans.factory.BeanCreationException: Error creating bean with name 'personRepository': Cannot create inner bean '(inner bean)#24a35978' of type [org.springframework.orm.jpa.SharedEntityManagerCreator] while setting bean property 'entityManager'; nested exception is org.springframework.beans.factory.BeanCreationException: Error creating bean with name '(inner bean)#24a35978': Cannot resolve reference to bean 'entityManagerFactory' while setting constructor argument; nested exception is org.springframework.beans.factory.NoSuchBeanDefinitionException: No bean named 'entityManagerFactory' available
2018-02-19 19:58:30.157  INFO 1481 --- [main] o.apache.catalina.core.StandardService   : Stopping service Tomcat
2018-02-19 19:58:30.227  INFO 1481 --- [main] utoConfigurationReportLoggingInitializer : 

Error starting ApplicationContext. To display the auto-configuration report re-run your application with 'debug' enabled.
2018-02-19 19:58:30.436 ERROR 1481 --- [main] o.s.b.d.LoggingFailureAnalysisReporter   : 

***************************
APPLICATION FAILED TO START
***************************

Description:

Field personRepository in person.PersonService required a bean named 'entityManagerFactory' that could not be found.


Action:

Consider defining a bean named 'entityManagerFactory' in your configuration.

2018-02-20 08:30:08.106  INFO 14900 --- [main] person.Main                              : Starting Main on DESKTOP-72F8SL2 with PID 14900 (started by pmbie in C:\Users\pmbie\Google Drive\School\2018Spring\COM S 309\SB_5_NextGeneration911\Project_Files\SpringBootApp)
2018-02-20 08:30:08.148  INFO 14900 --- [main] person.Main                              : No active profile set, falling back to default profiles: default
2018-02-20 08:30:08.261  INFO 14900 --- [main] ationConfigEmbeddedWebApplicationContext : Refreshing org.springframework.boot.context.embedded.AnnotationConfigEmbeddedWebApplicationContext@264f218: startup date [Tue Feb 20 08:30:08 CST 2018]; root of context hierarchy
2018-02-20 08:30:10.828  INFO 14900 --- [main] trationDelegate$BeanPostProcessorChecker : Bean 'org.springframework.transaction.annotation.ProxyTransactionManagementConfiguration' of type [org.springframework.transaction.annotation.ProxyTransactionManagementConfiguration$$EnhancerBySpringCGLIB$$32524fc0] is not eligible for getting processed by all BeanPostProcessors (for example: not eligible for auto-proxying)
2018-02-20 08:30:11.653  INFO 14900 --- [main] s.b.c.e.t.TomcatEmbeddedServletContainer : Tomcat initialized with port(s): 8080 (http)
2018-02-20 08:30:11.699  INFO 14900 --- [main] o.apache.catalina.core.StandardService   : Starting service Tomcat
2018-02-20 08:30:11.712  INFO 14900 --- [main] org.apache.catalina.core.StandardEngine  : Starting Servlet Engine: Apache Tomcat/8.5.11
2018-02-20 08:30:11.939  INFO 14900 --- [localhost-startStop-1] o.a.c.c.C.[Tomcat].[localhost].[/]       : Initializing Spring embedded WebApplicationContext
2018-02-20 08:30:11.950  INFO 14900 --- [localhost-startStop-1] o.s.web.context.ContextLoader            : Root WebApplicationContext: initialization completed in 3689 ms
2018-02-20 08:30:12.211  INFO 14900 --- [localhost-startStop-1] o.s.b.w.servlet.ServletRegistrationBean  : Mapping servlet: 'dispatcherServlet' to [/]
2018-02-20 08:30:12.226  INFO 14900 --- [localhost-startStop-1] o.s.b.w.servlet.FilterRegistrationBean   : Mapping filter: 'characterEncodingFilter' to: [/*]
2018-02-20 08:30:12.227  INFO 14900 --- [localhost-startStop-1] o.s.b.w.servlet.FilterRegistrationBean   : Mapping filter: 'hiddenHttpMethodFilter' to: [/*]
2018-02-20 08:30:12.233  INFO 14900 --- [localhost-startStop-1] o.s.b.w.servlet.FilterRegistrationBean   : Mapping filter: 'httpPutFormContentFilter' to: [/*]
2018-02-20 08:30:12.237  INFO 14900 --- [localhost-startStop-1] o.s.b.w.servlet.FilterRegistrationBean   : Mapping filter: 'requestContextFilter' to: [/*]
2018-02-20 08:30:12.358  WARN 14900 --- [main] ationConfigEmbeddedWebApplicationContext : Exception encountered during context initialization - cancelling refresh attempt: org.springframework.beans.factory.UnsatisfiedDependencyException: Error creating bean with name 'personController': Unsatisfied dependency expressed through field 'personService'; nested exception is org.springframework.beans.factory.UnsatisfiedDependencyException: Error creating bean with name 'personService': Unsatisfied dependency expressed through field 'personRepository'; nested exception is org.springframework.beans.factory.BeanCreationException: Error creating bean with name 'personRepository': Cannot create inner bean '(inner bean)#b16e202' of type [org.springframework.orm.jpa.SharedEntityManagerCreator] while setting bean property 'entityManager'; nested exception is org.springframework.beans.factory.BeanCreationException: Error creating bean with name '(inner bean)#b16e202': Cannot resolve reference to bean 'entityManagerFactory' while setting constructor argument; nested exception is org.springframework.beans.factory.NoSuchBeanDefinitionException: No bean named 'entityManagerFactory' available
2018-02-20 08:30:12.397  INFO 14900 --- [main] o.apache.catalina.core.StandardService   : Stopping service Tomcat
2018-02-20 08:30:12.461  INFO 14900 --- [main] utoConfigurationReportLoggingInitializer : 

Error starting ApplicationContext. To display the auto-configuration report re-run your application with 'debug' enabled.
2018-02-20 08:30:12.618 ERROR 14900 --- [main] o.s.b.d.LoggingFailureAnalysisReporter   : 

***************************
APPLICATION FAILED TO START
***************************

Description:

Field personRepository in person.PersonService required a bean named 'entityManagerFactory' that could not be found.


Action:

Consider defining a bean named 'entityManagerFactory' in your configuration.

2018-02-20 08:33:51.187  INFO 1512 --- [main] person.Main                              : Starting Main on DESKTOP-72F8SL2 with PID 1512 (started by pmbie in C:\Users\pmbie\Google Drive\School\2018Spring\COM S 309\SB_5_NextGeneration911\Project_Files\SpringBootApp)
2018-02-20 08:33:51.271  INFO 1512 --- [main] person.Main                              : No active profile set, falling back to default profiles: default
2018-02-20 08:33:51.406  INFO 1512 --- [main] ationConfigEmbeddedWebApplicationContext : Refreshing org.springframework.boot.context.embedded.AnnotationConfigEmbeddedWebApplicationContext@264f218: startup date [Tue Feb 20 08:33:51 CST 2018]; root of context hierarchy
2018-02-20 08:33:54.108  INFO 1512 --- [main] trationDelegate$BeanPostProcessorChecker : Bean 'org.springframework.transaction.annotation.ProxyTransactionManagementConfiguration' of type [org.springframework.transaction.annotation.ProxyTransactionManagementConfiguration$$EnhancerBySpringCGLIB$$32524fc0] is not eligible for getting processed by all BeanPostProcessors (for example: not eligible for auto-proxying)
2018-02-20 08:33:54.956  INFO 1512 --- [main] s.b.c.e.t.TomcatEmbeddedServletContainer : Tomcat initialized with port(s): 8080 (http)
2018-02-20 08:33:55.002  INFO 1512 --- [main] o.apache.catalina.core.StandardService   : Starting service Tomcat
2018-02-20 08:33:55.045  INFO 1512 --- [main] org.apache.catalina.core.StandardEngine  : Starting Servlet Engine: Apache Tomcat/8.5.11
2018-02-20 08:33:55.229  INFO 1512 --- [localhost-startStop-1] o.a.c.c.C.[Tomcat].[localhost].[/]       : Initializing Spring embedded WebApplicationContext
2018-02-20 08:33:55.238  INFO 1512 --- [localhost-startStop-1] o.s.web.context.ContextLoader            : Root WebApplicationContext: initialization completed in 3840 ms
2018-02-20 08:33:55.476  INFO 1512 --- [localhost-startStop-1] o.s.b.w.servlet.ServletRegistrationBean  : Mapping servlet: 'dispatcherServlet' to [/]
2018-02-20 08:33:55.498  INFO 1512 --- [localhost-startStop-1] o.s.b.w.servlet.FilterRegistrationBean   : Mapping filter: 'characterEncodingFilter' to: [/*]
2018-02-20 08:33:55.498  INFO 1512 --- [localhost-startStop-1] o.s.b.w.servlet.FilterRegistrationBean   : Mapping filter: 'hiddenHttpMethodFilter' to: [/*]
2018-02-20 08:33:55.505  INFO 1512 --- [localhost-startStop-1] o.s.b.w.servlet.FilterRegistrationBean   : Mapping filter: 'httpPutFormContentFilter' to: [/*]
2018-02-20 08:33:55.505  INFO 1512 --- [localhost-startStop-1] o.s.b.w.servlet.FilterRegistrationBean   : Mapping filter: 'requestContextFilter' to: [/*]
2018-02-20 08:33:55.593  WARN 1512 --- [main] ationConfigEmbeddedWebApplicationContext : Exception encountered during context initialization - cancelling refresh attempt: org.springframework.beans.factory.UnsatisfiedDependencyException: Error creating bean with name 'personController': Unsatisfied dependency expressed through field 'personService'; nested exception is org.springframework.beans.factory.UnsatisfiedDependencyException: Error creating bean with name 'personService': Unsatisfied dependency expressed through field 'personRepository'; nested exception is org.springframework.beans.factory.BeanCreationException: Error creating bean with name 'personRepository': Cannot create inner bean '(inner bean)#b16e202' of type [org.springframework.orm.jpa.SharedEntityManagerCreator] while setting bean property 'entityManager'; nested exception is org.springframework.beans.factory.BeanCreationException: Error creating bean with name '(inner bean)#b16e202': Cannot resolve reference to bean 'entityManagerFactory' while setting constructor argument; nested exception is org.springframework.beans.factory.NoSuchBeanDefinitionException: No bean named 'entityManagerFactory' available
2018-02-20 08:33:55.601  INFO 1512 --- [main] o.apache.catalina.core.StandardService   : Stopping service Tomcat
2018-02-20 08:33:55.648  INFO 1512 --- [main] utoConfigurationReportLoggingInitializer : 

Error starting ApplicationContext. To display the auto-configuration report re-run your application with 'debug' enabled.
2018-02-20 08:33:55.826 ERROR 1512 --- [main] o.s.b.d.LoggingFailureAnalysisReporter   : 

***************************
APPLICATION FAILED TO START
***************************

Description:

Field personRepository in person.PersonService required a bean named 'entityManagerFactory' that could not be found.


Action:

Consider defining a bean named 'entityManagerFactory' in your configuration.

2018-02-20 08:34:19.022  INFO 9080 --- [main] person.Main                              : Starting Main on DESKTOP-72F8SL2 with PID 9080 (started by pmbie in C:\Users\pmbie\Google Drive\School\2018Spring\COM S 309\SB_5_NextGeneration911\Project_Files\SpringBootApp)
2018-02-20 08:34:19.038  INFO 9080 --- [main] person.Main                              : No active profile set, falling back to default profiles: default
2018-02-20 08:34:19.180  INFO 9080 --- [main] ationConfigEmbeddedWebApplicationContext : Refreshing org.springframework.boot.context.embedded.AnnotationConfigEmbeddedWebApplicationContext@1787f2a0: startup date [Tue Feb 20 08:34:19 CST 2018]; root of context hierarchy
2018-02-20 08:34:21.783  INFO 9080 --- [main] trationDelegate$BeanPostProcessorChecker : Bean 'org.springframework.transaction.annotation.ProxyTransactionManagementConfiguration' of type [org.springframework.transaction.annotation.ProxyTransactionManagementConfiguration$$EnhancerBySpringCGLIB$$b428f899] is not eligible for getting processed by all BeanPostProcessors (for example: not eligible for auto-proxying)
2018-02-20 08:34:23.161  INFO 9080 --- [main] s.b.c.e.t.TomcatEmbeddedServletContainer : Tomcat initialized with port(s): 8080 (http)
2018-02-20 08:34:23.199  INFO 9080 --- [main] o.apache.catalina.core.StandardService   : Starting service [Tomcat]
2018-02-20 08:34:23.246  INFO 9080 --- [main] org.apache.catalina.core.StandardEngine  : Starting Servlet Engine: Apache Tomcat/8.5.27
2018-02-20 08:34:23.467  INFO 9080 --- [localhost-startStop-1] o.a.c.c.C.[Tomcat].[localhost].[/]       : Initializing Spring embedded WebApplicationContext
2018-02-20 08:34:23.468  INFO 9080 --- [localhost-startStop-1] o.s.web.context.ContextLoader            : Root WebApplicationContext: initialization completed in 4294 ms
2018-02-20 08:34:23.731  INFO 9080 --- [localhost-startStop-1] o.s.b.w.servlet.ServletRegistrationBean  : Mapping servlet: 'dispatcherServlet' to [/]
2018-02-20 08:34:23.738  INFO 9080 --- [localhost-startStop-1] o.s.b.w.servlet.FilterRegistrationBean   : Mapping filter: 'characterEncodingFilter' to: [/*]
2018-02-20 08:34:23.739  INFO 9080 --- [localhost-startStop-1] o.s.b.w.servlet.FilterRegistrationBean   : Mapping filter: 'hiddenHttpMethodFilter' to: [/*]
2018-02-20 08:34:23.745  INFO 9080 --- [localhost-startStop-1] o.s.b.w.servlet.FilterRegistrationBean   : Mapping filter: 'httpPutFormContentFilter' to: [/*]
2018-02-20 08:34:23.745  INFO 9080 --- [localhost-startStop-1] o.s.b.w.servlet.FilterRegistrationBean   : Mapping filter: 'requestContextFilter' to: [/*]
2018-02-20 08:34:23.903  WARN 9080 --- [main] ationConfigEmbeddedWebApplicationContext : Exception encountered during context initialization - cancelling refresh attempt: org.springframework.beans.factory.UnsatisfiedDependencyException: Error creating bean with name 'personController': Unsatisfied dependency expressed through field 'personService'; nested exception is org.springframework.beans.factory.UnsatisfiedDependencyException: Error creating bean with name 'personService': Unsatisfied dependency expressed through field 'personRepository'; nested exception is org.springframework.beans.factory.BeanCreationException: Error creating bean with name 'personRepository': Cannot create inner bean '(inner bean)#5624657a' of type [org.springframework.orm.jpa.SharedEntityManagerCreator] while setting bean property 'entityManager'; nested exception is org.springframework.beans.factory.BeanCreationException: Error creating bean with name '(inner bean)#5624657a': Cannot resolve reference to bean 'entityManagerFactory' while setting constructor argument; nested exception is org.springframework.beans.factory.NoSuchBeanDefinitionException: No bean named 'entityManagerFactory' available
2018-02-20 08:34:23.915  INFO 9080 --- [main] o.apache.catalina.core.StandardService   : Stopping service [Tomcat]
2018-02-20 08:34:23.969  INFO 9080 --- [main] utoConfigurationReportLoggingInitializer : 

Error starting ApplicationContext. To display the auto-configuration report re-run your application with 'debug' enabled.
2018-02-20 08:34:24.166 ERROR 9080 --- [main] o.s.b.d.LoggingFailureAnalysisReporter   : 

***************************
APPLICATION FAILED TO START
***************************

Description:

Field personRepository in person.PersonService required a bean named 'entityManagerFactory' that could not be found.


Action:

Consider defining a bean named 'entityManagerFactory' in your configuration.

2018-02-20 08:35:49.024  INFO 13764 --- [main] person.Main                              : Starting Main on DESKTOP-72F8SL2 with PID 13764 (started by pmbie in C:\Users\pmbie\Google Drive\School\2018Spring\COM S 309\SB_5_NextGeneration911\Project_Files\SpringBootApp)
2018-02-20 08:35:49.039  INFO 13764 --- [main] person.Main                              : No active profile set, falling back to default profiles: default
2018-02-20 08:35:49.486  INFO 13764 --- [main] ationConfigEmbeddedWebApplicationContext : Refreshing org.springframework.boot.context.embedded.AnnotationConfigEmbeddedWebApplicationContext@64ec96c6: startup date [Tue Feb 20 08:35:49 CST 2018]; root of context hierarchy
2018-02-20 08:35:51.483  INFO 13764 --- [main] trationDelegate$BeanPostProcessorChecker : Bean 'org.springframework.transaction.annotation.ProxyTransactionManagementConfiguration' of type [org.springframework.transaction.annotation.ProxyTransactionManagementConfiguration$$EnhancerBySpringCGLIB$$a808103b] is not eligible for getting processed by all BeanPostProcessors (for example: not eligible for auto-proxying)
2018-02-20 08:35:52.727  INFO 13764 --- [main] s.b.c.e.t.TomcatEmbeddedServletContainer : Tomcat initialized with port(s): 8080 (http)
2018-02-20 08:35:52.764  INFO 13764 --- [main] o.apache.catalina.core.StandardService   : Starting service [Tomcat]
2018-02-20 08:35:52.799  INFO 13764 --- [main] org.apache.catalina.core.StandardEngine  : Starting Servlet Engine: Apache Tomcat/8.5.27
2018-02-20 08:35:53.040  INFO 13764 --- [localhost-startStop-1] o.a.c.c.C.[Tomcat].[localhost].[/]       : Initializing Spring embedded WebApplicationContext
2018-02-20 08:35:53.057  INFO 13764 --- [localhost-startStop-1] o.s.web.context.ContextLoader            : Root WebApplicationContext: initialization completed in 3571 ms
2018-02-20 08:35:53.335  INFO 13764 --- [localhost-startStop-1] o.s.b.w.servlet.ServletRegistrationBean  : Mapping servlet: 'dispatcherServlet' to [/]
2018-02-20 08:35:53.344  INFO 13764 --- [localhost-startStop-1] o.s.b.w.servlet.FilterRegistrationBean   : Mapping filter: 'characterEncodingFilter' to: [/*]
2018-02-20 08:35:53.344  INFO 13764 --- [localhost-startStop-1] o.s.b.w.servlet.FilterRegistrationBean   : Mapping filter: 'hiddenHttpMethodFilter' to: [/*]
2018-02-20 08:35:53.360  INFO 13764 --- [localhost-startStop-1] o.s.b.w.servlet.FilterRegistrationBean   : Mapping filter: 'httpPutFormContentFilter' to: [/*]
2018-02-20 08:35:53.362  INFO 13764 --- [localhost-startStop-1] o.s.b.w.servlet.FilterRegistrationBean   : Mapping filter: 'requestContextFilter' to: [/*]
2018-02-20 08:35:53.492  WARN 13764 --- [main] ationConfigEmbeddedWebApplicationContext : Exception encountered during context initialization - cancelling refresh attempt: org.springframework.beans.factory.UnsatisfiedDependencyException: Error creating bean with name 'personController': Unsatisfied dependency expressed through field 'personService'; nested exception is org.springframework.beans.factory.UnsatisfiedDependencyException: Error creating bean with name 'personService': Unsatisfied dependency expressed through field 'personRepository'; nested exception is org.springframework.beans.factory.BeanCreationException: Error creating bean with name 'personRepository': Cannot create inner bean '(inner bean)#2eed37f4' of type [org.springframework.orm.jpa.SharedEntityManagerCreator] while setting bean property 'entityManager'; nested exception is org.springframework.beans.factory.BeanCreationException: Error creating bean with name '(inner bean)#2eed37f4': Cannot resolve reference to bean 'entityManagerFactory' while setting constructor argument; nested exception is org.springframework.beans.factory.NoSuchBeanDefinitionException: No bean named 'entityManagerFactory' available
2018-02-20 08:35:53.495  INFO 13764 --- [main] o.apache.catalina.core.StandardService   : Stopping service [Tomcat]
2018-02-20 08:35:53.538  INFO 13764 --- [main] utoConfigurationReportLoggingInitializer : 

Error starting ApplicationContext. To display the auto-configuration report re-run your application with 'debug' enabled.
2018-02-20 08:35:53.741 ERROR 13764 --- [main] o.s.b.d.LoggingFailureAnalysisReporter   : 

***************************
APPLICATION FAILED TO START
***************************

Description:

Field personRepository in person.PersonService required a bean named 'entityManagerFactory' that could not be found.


Action:

Consider defining a bean named 'entityManagerFactory' in your configuration.

2018-02-20 08:38:31.322  INFO 10564 --- [main] person.Main                              : Starting Main on DESKTOP-72F8SL2 with PID 10564 (started by pmbie in C:\Users\pmbie\Google Drive\School\2018Spring\COM S 309\SB_5_NextGeneration911\Project_Files\SpringBootApp)
2018-02-20 08:38:31.325  INFO 10564 --- [main] person.Main                              : No active profile set, falling back to default profiles: default
2018-02-20 08:38:31.780  INFO 10564 --- [main] ationConfigEmbeddedWebApplicationContext : Refreshing org.springframework.boot.context.embedded.AnnotationConfigEmbeddedWebApplicationContext@64ec96c6: startup date [Tue Feb 20 08:38:31 CST 2018]; root of context hierarchy
2018-02-20 08:38:33.205  INFO 10564 --- [main] trationDelegate$BeanPostProcessorChecker : Bean 'org.springframework.transaction.annotation.ProxyTransactionManagementConfiguration' of type [org.springframework.transaction.annotation.ProxyTransactionManagementConfiguration$$EnhancerBySpringCGLIB$$98447acc] is not eligible for getting processed by all BeanPostProcessors (for example: not eligible for auto-proxying)
2018-02-20 08:38:33.892  INFO 10564 --- [main] s.b.c.e.t.TomcatEmbeddedServletContainer : Tomcat initialized with port(s): 8080 (http)
2018-02-20 08:38:33.912  INFO 10564 --- [main] o.apache.catalina.core.StandardService   : Starting service [Tomcat]
2018-02-20 08:38:33.912  INFO 10564 --- [main] org.apache.catalina.core.StandardEngine  : Starting Servlet Engine: Apache Tomcat/8.5.27
2018-02-20 08:38:34.071  INFO 10564 --- [localhost-startStop-1] o.a.c.c.C.[Tomcat].[localhost].[/]       : Initializing Spring embedded WebApplicationContext
2018-02-20 08:38:34.079  INFO 10564 --- [localhost-startStop-1] o.s.web.context.ContextLoader            : Root WebApplicationContext: initialization completed in 2299 ms
2018-02-20 08:38:34.340  INFO 10564 --- [localhost-startStop-1] o.s.b.w.servlet.ServletRegistrationBean  : Mapping servlet: 'dispatcherServlet' to [/]
2018-02-20 08:38:34.350  INFO 10564 --- [localhost-startStop-1] o.s.b.w.servlet.FilterRegistrationBean   : Mapping filter: 'characterEncodingFilter' to: [/*]
2018-02-20 08:38:34.351  INFO 10564 --- [localhost-startStop-1] o.s.b.w.servlet.FilterRegistrationBean   : Mapping filter: 'hiddenHttpMethodFilter' to: [/*]
2018-02-20 08:38:34.357  INFO 10564 --- [localhost-startStop-1] o.s.b.w.servlet.FilterRegistrationBean   : Mapping filter: 'httpPutFormContentFilter' to: [/*]
2018-02-20 08:38:34.357  INFO 10564 --- [localhost-startStop-1] o.s.b.w.servlet.FilterRegistrationBean   : Mapping filter: 'requestContextFilter' to: [/*]
2018-02-20 08:38:34.446  WARN 10564 --- [main] ationConfigEmbeddedWebApplicationContext : Exception encountered during context initialization - cancelling refresh attempt: org.springframework.beans.factory.UnsatisfiedDependencyException: Error creating bean with name 'personController': Unsatisfied dependency expressed through field 'personService'; nested exception is org.springframework.beans.factory.UnsatisfiedDependencyException: Error creating bean with name 'personService': Unsatisfied dependency expressed through field 'personRepository'; nested exception is org.springframework.beans.factory.BeanCreationException: Error creating bean with name 'personRepository': Cannot create inner bean '(inner bean)#7c011174' of type [org.springframework.orm.jpa.SharedEntityManagerCreator] while setting bean property 'entityManager'; nested exception is org.springframework.beans.factory.BeanCreationException: Error creating bean with name '(inner bean)#7c011174': Cannot resolve reference to bean 'entityManagerFactory' while setting constructor argument; nested exception is org.springframework.beans.factory.NoSuchBeanDefinitionException: No bean named 'entityManagerFactory' available
2018-02-20 08:38:34.446  INFO 10564 --- [main] o.apache.catalina.core.StandardService   : Stopping service [Tomcat]
2018-02-20 08:38:34.496  INFO 10564 --- [main] utoConfigurationReportLoggingInitializer : 

Error starting ApplicationContext. To display the auto-configuration report re-run your application with 'debug' enabled.
2018-02-20 08:38:34.597 ERROR 10564 --- [main] o.s.b.d.LoggingFailureAnalysisReporter   : 

***************************
APPLICATION FAILED TO START
***************************

Description:

Field personRepository in person.PersonService required a bean named 'entityManagerFactory' that could not be found.


Action:

Consider defining a bean named 'entityManagerFactory' in your configuration.

